0 info it worked if it ends with ok
1 verbose cli [ 'node', '/usr/local/bin/npm', 'install', 'express', '-g' ]
2 info using npm@1.4.28
3 info using node@v0.10.32
4 verbose cache add [ 'express', null ]
5 verbose cache add name=undefined spec="express" args=["express",null]
6 verbose parsed url { protocol: null,
6 verbose parsed url   slashes: null,
6 verbose parsed url   auth: null,
6 verbose parsed url   host: null,
6 verbose parsed url   port: null,
6 verbose parsed url   hostname: null,
6 verbose parsed url   hash: null,
6 verbose parsed url   search: null,
6 verbose parsed url   query: null,
6 verbose parsed url   pathname: 'express',
6 verbose parsed url   path: 'express',
6 verbose parsed url   href: 'express' }
7 silly lockFile f3c62de4-express express
8 verbose lock express /Users/GrantGunnison/.npm/f3c62de4-express.lock
9 silly lockFile f3c62de4-express express
10 silly lockFile f3c62de4-express express
11 verbose addNamed [ 'express', '' ]
12 verbose addNamed [ null, '*' ]
13 silly lockFile 64a534c1-express express@
14 verbose lock express@ /Users/GrantGunnison/.npm/64a534c1-express.lock
15 silly addNameRange { name: 'express', range: '*', hasData: false }
16 verbose request where is /express
17 verbose request registry https://registry.npmjs.org/
18 verbose request id 528d773c1e25237f
19 verbose url raw /express
20 verbose url resolving [ 'https://registry.npmjs.org/', './express' ]
21 verbose url resolved https://registry.npmjs.org/express
22 verbose request where is https://registry.npmjs.org/express
23 info trying registry request attempt 1 at 22:26:58
24 verbose etag "2OAJDQ582XHN3WO9Q0KF86XLD"
25 http GET https://registry.npmjs.org/express
26 http 200 https://registry.npmjs.org/express
27 silly registry.get cb [ 200,
27 silly registry.get   { date: 'Mon, 20 Oct 2014 02:26:58 GMT',
27 silly registry.get     server: 'CouchDB/1.5.0 (Erlang OTP/R16B03)',
27 silly registry.get     etag: '"3XJ9HQR8B57CLQRJ0HTJ1GH5I"',
27 silly registry.get     'content-type': 'application/json',
27 silly registry.get     'cache-control': 'max-age=60',
27 silly registry.get     'content-length': '400322',
27 silly registry.get     'accept-ranges': 'bytes',
27 silly registry.get     via: '1.1 varnish',
27 silly registry.get     age: '24',
27 silly registry.get     'x-served-by': 'cache-jfk1020-JFK',
27 silly registry.get     'x-cache': 'HIT',
27 silly registry.get     'x-cache-hits': '1',
27 silly registry.get     'x-timer': 'S1413772018.153977,VS0,VE1',
27 silly registry.get     vary: 'Accept',
27 silly registry.get     'keep-alive': 'timeout=10, max=50',
27 silly registry.get     connection: 'Keep-Alive' } ]
28 silly addNameRange number 2 { name: 'express', range: '*', hasData: true }
29 silly addNameRange versions [ 'express',
29 silly addNameRange   [ '0.14.0',
29 silly addNameRange     '0.14.1',
29 silly addNameRange     '1.0.0',
29 silly addNameRange     '1.0.1',
29 silly addNameRange     '1.0.2',
29 silly addNameRange     '1.0.3',
29 silly addNameRange     '1.0.4',
29 silly addNameRange     '1.0.5',
29 silly addNameRange     '1.0.6',
29 silly addNameRange     '1.0.7',
29 silly addNameRange     '1.0.8',
29 silly addNameRange     '2.0.0',
29 silly addNameRange     '2.1.0',
29 silly addNameRange     '2.1.1',
29 silly addNameRange     '2.2.0',
29 silly addNameRange     '2.2.1',
29 silly addNameRange     '2.2.2',
29 silly addNameRange     '2.3.0',
29 silly addNameRange     '2.3.1',
29 silly addNameRange     '2.3.2',
29 silly addNameRange     '2.3.3',
29 silly addNameRange     '2.3.4',
29 silly addNameRange     '2.3.5',
29 silly addNameRange     '2.3.6',
29 silly addNameRange     '2.3.7',
29 silly addNameRange     '2.3.8',
29 silly addNameRange     '2.3.9',
29 silly addNameRange     '2.3.10',
29 silly addNameRange     '2.3.11',
29 silly addNameRange     '2.3.12',
29 silly addNameRange     '2.4.0',
29 silly addNameRange     '2.4.1',
29 silly addNameRange     '2.4.2',
29 silly addNameRange     '2.4.3',
29 silly addNameRange     '2.4.4',
29 silly addNameRange     '2.4.5',
29 silly addNameRange     '2.4.6',
29 silly addNameRange     '2.4.7',
29 silly addNameRange     '2.5.0',
29 silly addNameRange     '2.5.1',
29 silly addNameRange     '2.5.2',
29 silly addNameRange     '2.5.3',
29 silly addNameRange     '2.5.4',
29 silly addNameRange     '2.5.5',
29 silly addNameRange     '2.5.6',
29 silly addNameRange     '2.5.7',
29 silly addNameRange     '2.5.8',
29 silly addNameRange     '2.5.9',
29 silly addNameRange     '2.5.10',
29 silly addNameRange     '2.5.11',
29 silly addNameRange     '3.0.0',
29 silly addNameRange     '3.0.1',
29 silly addNameRange     '3.0.2',
29 silly addNameRange     '3.0.3',
29 silly addNameRange     '3.0.4',
29 silly addNameRange     '3.0.5',
29 silly addNameRange     '3.0.6',
29 silly addNameRange     '3.1.0',
29 silly addNameRange     '3.1.1',
29 silly addNameRange     '3.1.2',
29 silly addNameRange     '3.2.0',
29 silly addNameRange     '3.2.1',
29 silly addNameRange     '3.2.2',
29 silly addNameRange     '3.2.3',
29 silly addNameRange     '3.2.4',
29 silly addNameRange     '3.2.5',
29 silly addNameRange     '3.2.6',
29 silly addNameRange     '3.3.0',
29 silly addNameRange     '3.3.1',
29 silly addNameRange     '3.3.2',
29 silly addNameRange     '3.3.3',
29 silly addNameRange     '3.3.4',
29 silly addNameRange     '3.3.5',
29 silly addNameRange     '3.3.6',
29 silly addNameRange     '1.0.0-beta',
29 silly addNameRange     '1.0.0-beta2',
29 silly addNameRange     '1.0.0-rc',
29 silly addNameRange     '1.0.0-rc2',
29 silly addNameRange     '1.0.0-rc3',
29 silly addNameRange     '1.0.0-rc4',
29 silly addNameRange     '2.0.0-beta',
29 silly addNameRange     '2.0.0-beta2',
29 silly addNameRange     '2.0.0-beta3',
29 silly addNameRange     '2.0.0-rc',
29 silly addNameRange     '2.0.0-rc2',
29 silly addNameRange     '2.0.0-rc3',
29 silly addNameRange     '3.0.0-alpha1',
29 silly addNameRange     '3.0.0-alpha2',
29 silly addNameRange     '3.0.0-alpha3',
29 silly addNameRange     '3.0.0-alpha4',
29 silly addNameRange     '3.0.0-alpha5',
29 silly addNameRange     '3.0.0-beta1',
29 silly addNameRange     '3.0.0-beta2',
29 silly addNameRange     '3.0.0-beta3',
29 silly addNameRange     '3.0.0-beta4',
29 silly addNameRange     '3.0.0-beta6',
29 silly addNameRange     '3.0.0-beta7',
29 silly addNameRange     '3.0.0-rc1',
29 silly addNameRange     '3.0.0-rc2',
29 silly addNameRange     '3.0.0-rc3',
29 silly addNameRange     '3.0.0-rc4',
29 silly addNameRange     '3.0.0-rc5',
29 silly addNameRange     '3.3.7',
29 silly addNameRange     '3.3.8',
29 silly addNameRange     '3.4.0',
29 silly addNameRange     '3.4.1',
29 silly addNameRange     '3.4.2',
29 silly addNameRange     '3.4.3',
29 silly addNameRange     '3.4.4',
29 silly addNameRange     '3.4.5',
29 silly addNameRange     '3.4.6',
29 silly addNameRange     '3.4.7',
29 silly addNameRange     '3.4.8',
29 silly addNameRange     '4.0.0-rc1',
29 silly addNameRange     '4.0.0-rc2',
29 silly addNameRange     '3.5.0',
29 silly addNameRange     '4.0.0-rc3',
29 silly addNameRange     '4.0.0-rc4',
29 silly addNameRange     '3.5.1',
29 silly addNameRange     '4.0.0',
29 silly addNameRange     '3.5.2',
29 silly addNameRange     '4.1.0',
29 silly addNameRange     '4.1.1',
29 silly addNameRange     '3.5.3',
29 silly addNameRange     '4.1.2',
29 silly addNameRange     '3.6.0',
29 silly addNameRange     '4.2.0',
29 silly addNameRange     '3.7.0',
29 silly addNameRange     '3.8.0',
29 silly addNameRange     '4.3.0',
29 silly addNameRange     '4.3.1',
29 silly addNameRange     '3.8.1',
29 silly addNameRange     '4.3.2',
29 silly addNameRange     '3.9.0',
29 silly addNameRange     '4.4.0',
29 silly addNameRange     '4.4.1',
29 silly addNameRange     '3.10.0',
29 silly addNameRange     '3.10.1',
29 silly addNameRange     '3.10.2',
29 silly addNameRange     '3.10.3',
29 silly addNameRange     '3.10.4',
29 silly addNameRange     '4.4.2',
29 silly addNameRange     '3.10.5',
29 silly addNameRange     '4.4.3',
29 silly addNameRange     '3.11.0',
29 silly addNameRange     '4.4.4',
29 silly addNameRange     '3.12.0',
29 silly addNameRange     '3.12.1',
29 silly addNameRange     '4.4.5',
29 silly addNameRange     '3.13.0',
29 silly addNameRange     '4.5.0',
29 silly addNameRange     '4.5.1',
29 silly addNameRange     '3.14.0',
29 silly addNameRange     '4.6.0',
29 silly addNameRange     '4.6.1',
29 silly addNameRange     '3.15.0',
29 silly addNameRange     '4.7.0',
29 silly addNameRange     '3.15.1',
29 silly addNameRange     '4.7.1',
29 silly addNameRange     '3.15.2',
29 silly addNameRange     '4.7.2',
29 silly addNameRange     '4.7.3',
29 silly addNameRange     '3.15.3',
29 silly addNameRange     '4.7.4',
29 silly addNameRange     '3.16.0',
29 silly addNameRange     '4.8.0',
29 silly addNameRange     '3.16.1',
29 silly addNameRange     '4.8.1',
29 silly addNameRange     '3.16.2',
29 silly addNameRange     '4.8.2',
29 silly addNameRange     '3.16.3',
29 silly addNameRange     '3.16.4',
29 silly addNameRange     '4.8.3',
29 silly addNameRange     '3.16.5',
29 silly addNameRange     '3.16.6',
29 silly addNameRange     '4.8.4',
29 silly addNameRange     '3.16.7',
29 silly addNameRange     '4.8.5',
29 silly addNameRange     '3.16.8',
29 silly addNameRange     '4.8.6',
29 silly addNameRange     '3.16.9',
29 silly addNameRange     '4.8.7',
29 silly addNameRange     '3.16.10',
29 silly addNameRange     '4.8.8',
29 silly addNameRange     '3.17.0',
29 silly addNameRange     '3.17.1',
29 silly addNameRange     '4.9.0',
29 silly addNameRange     '3.17.2',
29 silly addNameRange     '4.9.1',
29 silly addNameRange     '4.9.2',
29 silly addNameRange     '3.17.3',
29 silly addNameRange     '4.9.3',
29 silly addNameRange     '3.17.4',
29 silly addNameRange     '4.9.4',
29 silly addNameRange     '3.17.5',
29 silly addNameRange     '4.9.5',
29 silly addNameRange     '3.17.6',
29 silly addNameRange     '3.17.7',
29 silly addNameRange     '4.9.6',
29 silly addNameRange     '4.9.7',
29 silly addNameRange     '3.17.8',
29 silly addNameRange     '4.9.8',
29 silly addNameRange     '3.18.0' ] ]
30 verbose addNamed [ 'express', '4.9.8' ]
31 verbose addNamed [ '4.9.8', '4.9.8' ]
32 silly lockFile 3e3a25f6-express-4-9-8 express@4.9.8
33 verbose lock express@4.9.8 /Users/GrantGunnison/.npm/3e3a25f6-express-4-9-8.lock
34 silly lockFile 2d7fb097-js-org-express-express-4-9-8-tgz https://registry.npmjs.org/express/-/express-4.9.8.tgz
35 verbose lock https://registry.npmjs.org/express/-/express-4.9.8.tgz /Users/GrantGunnison/.npm/2d7fb097-js-org-express-express-4-9-8-tgz.lock
36 verbose addRemoteTarball [ 'https://registry.npmjs.org/express/-/express-4.9.8.tgz',
36 verbose addRemoteTarball   'f360f596baeabbd0e5223b603d6eb578d9d2d10d' ]
37 info retry fetch attempt 1 at 22:26:58
38 verbose fetch to= /var/folders/79/8mg_8bh17832vmdp3x8gmskm0000gn/T/npm-6328-doWjkaLH/registry.npmjs.org/express/-/express-4.9.8.tgz
39 http GET https://registry.npmjs.org/express/-/express-4.9.8.tgz
40 http 200 https://registry.npmjs.org/express/-/express-4.9.8.tgz
41 silly lockFile 2d7fb097-js-org-express-express-4-9-8-tgz https://registry.npmjs.org/express/-/express-4.9.8.tgz
42 silly lockFile 2d7fb097-js-org-express-express-4-9-8-tgz https://registry.npmjs.org/express/-/express-4.9.8.tgz
43 silly lockFile 3e3a25f6-express-4-9-8 express@4.9.8
44 silly lockFile 3e3a25f6-express-4-9-8 express@4.9.8
45 silly lockFile 64a534c1-express express@
46 silly lockFile 64a534c1-express express@
47 silly resolved [ { name: 'express',
47 silly resolved     description: 'Fast, unopinionated, minimalist web framework',
47 silly resolved     version: '4.9.8',
47 silly resolved     author: { name: 'TJ Holowaychuk', email: 'tj@vision-media.ca' },
47 silly resolved     contributors:
47 silly resolved      [ [Object],
47 silly resolved        [Object],
47 silly resolved        [Object],
47 silly resolved        [Object],
47 silly resolved        [Object],
47 silly resolved        [Object],
47 silly resolved        [Object] ],
47 silly resolved     keywords:
47 silly resolved      [ 'express',
47 silly resolved        'framework',
47 silly resolved        'sinatra',
47 silly resolved        'web',
47 silly resolved        'rest',
47 silly resolved        'restful',
47 silly resolved        'router',
47 silly resolved        'app',
47 silly resolved        'api' ],
47 silly resolved     repository: { type: 'git', url: 'https://github.com/strongloop/express' },
47 silly resolved     license: 'MIT',
47 silly resolved     homepage: 'http://expressjs.com/',
47 silly resolved     dependencies:
47 silly resolved      { accepts: '~1.1.2',
47 silly resolved        'cookie-signature': '1.0.5',
47 silly resolved        debug: '~2.0.0',
47 silly resolved        depd: '0.4.5',
47 silly resolved        'escape-html': '1.0.1',
47 silly resolved        etag: '~1.4.0',
47 silly resolved        finalhandler: '0.2.0',
47 silly resolved        fresh: '0.2.4',
47 silly resolved        'media-typer': '0.3.0',
47 silly resolved        methods: '1.1.0',
47 silly resolved        'on-finished': '~2.1.0',
47 silly resolved        parseurl: '~1.3.0',
47 silly resolved        'path-to-regexp': '0.1.3',
47 silly resolved        'proxy-addr': '~1.0.3',
47 silly resolved        qs: '2.2.4',
47 silly resolved        'range-parser': '~1.0.2',
47 silly resolved        send: '0.9.3',
47 silly resolved        'serve-static': '~1.6.4',
47 silly resolved        'type-is': '~1.5.2',
47 silly resolved        vary: '~1.0.0',
47 silly resolved        cookie: '0.1.2',
47 silly resolved        'merge-descriptors': '0.0.2',
47 silly resolved        'utils-merge': '1.0.0' },
47 silly resolved     devDependencies:
47 silly resolved      { after: '0.8.1',
47 silly resolved        istanbul: '0.3.2',
47 silly resolved        mocha: '~1.21.5',
47 silly resolved        should: '~4.0.4',
47 silly resolved        supertest: '~0.14.0',
47 silly resolved        ejs: '~1.0.0',
47 silly resolved        marked: '0.3.2',
47 silly resolved        hjs: '~0.0.6',
47 silly resolved        'body-parser': '~1.8.2',
47 silly resolved        'connect-redis': '~2.1.0',
47 silly resolved        'cookie-parser': '~1.3.3',
47 silly resolved        'express-session': '~1.8.2',
47 silly resolved        jade: '~1.6.0',
47 silly resolved        'method-override': '~2.2.0',
47 silly resolved        morgan: '~1.3.1',
47 silly resolved        multiparty: '~3.3.2',
47 silly resolved        vhost: '~3.0.0' },
47 silly resolved     engines: { node: '>= 0.10.0' },
47 silly resolved     scripts:
47 silly resolved      { prepublish: 'npm prune',
47 silly resolved        test: 'mocha --require test/support/env --reporter spec --bail --check-leaks test/ test/acceptance/',
47 silly resolved        'test-cov': 'istanbul cover node_modules/mocha/bin/_mocha -- --require test/support/env --reporter dot --check-leaks test/ test/acceptance/',
47 silly resolved        'test-tap': 'mocha --require test/support/env --reporter tap --check-leaks test/ test/acceptance/',
47 silly resolved        'test-travis': 'istanbul cover node_modules/mocha/bin/_mocha --report lcovonly -- --require test/support/env --reporter spec --check-leaks test/ test/acceptance/' },
47 silly resolved     gitHead: 'f15bba7309f2e0a17f7b7a5552b9618f074078c8',
47 silly resolved     bugs: { url: 'https://github.com/strongloop/express/issues' },
47 silly resolved     _id: 'express@4.9.8',
47 silly resolved     _shasum: 'f360f596baeabbd0e5223b603d6eb578d9d2d10d',
47 silly resolved     _from: 'express@',
47 silly resolved     _npmVersion: '1.4.21',
47 silly resolved     _npmUser: { name: 'dougwilson', email: 'doug@somethingdoug.com' },
47 silly resolved     maintainers:
47 silly resolved      [ [Object],
47 silly resolved        [Object],
47 silly resolved        [Object],
47 silly resolved        [Object],
47 silly resolved        [Object],
47 silly resolved        [Object],
47 silly resolved        [Object] ],
47 silly resolved     dist:
47 silly resolved      { shasum: 'f360f596baeabbd0e5223b603d6eb578d9d2d10d',
47 silly resolved        tarball: 'http://registry.npmjs.org/express/-/express-4.9.8.tgz' },
47 silly resolved     directories: {},
47 silly resolved     _resolved: 'https://registry.npmjs.org/express/-/express-4.9.8.tgz' } ]
48 info install express@4.9.8 into /usr/local/lib
49 info installOne express@4.9.8
50 verbose lib/node_modules/express unbuild
51 verbose tar unpack /Users/GrantGunnison/.npm/express/4.9.8/package.tgz
52 silly lockFile 365ba7ad-r-local-lib-node-modules-express tar:///usr/local/lib/node_modules/express
53 verbose lock tar:///usr/local/lib/node_modules/express /Users/GrantGunnison/.npm/365ba7ad-r-local-lib-node-modules-express.lock
54 silly lockFile 732b25e3-on-npm-express-4-9-8-package-tgz tar:///Users/GrantGunnison/.npm/express/4.9.8/package.tgz
55 verbose lock tar:///Users/GrantGunnison/.npm/express/4.9.8/package.tgz /Users/GrantGunnison/.npm/732b25e3-on-npm-express-4-9-8-package-tgz.lock
56 silly gunzTarPerm modes [ '755', '644' ]
57 error Error: EACCES, mkdir '/usr/local/lib/node_modules/express'
57 error  { [Error: EACCES, mkdir '/usr/local/lib/node_modules/express']
57 error   errno: 3,
57 error   code: 'EACCES',
57 error   path: '/usr/local/lib/node_modules/express',
57 error   fstream_type: 'Directory',
57 error   fstream_path: '/usr/local/lib/node_modules/express',
57 error   fstream_class: 'DirWriter',
57 error   fstream_stack:
57 error    [ '/usr/local/lib/node_modules/npm/node_modules/fstream/lib/dir-writer.js:36:23',
57 error      '/usr/local/lib/node_modules/npm/node_modules/mkdirp/index.js:46:53',
57 error      'Object.oncomplete (fs.js:107:15)' ] }
58 error Please try running this command again as root/Administrator.
59 error System Darwin 13.4.0
60 error command "node" "/usr/local/bin/npm" "install" "express" "-g"
61 error cwd /Users/GrantGunnison/Dropbox/6.170/nicku_gunnison_stahdirk_proj3
62 error node -v v0.10.32
63 error npm -v 1.4.28
64 error path /usr/local/lib/node_modules/express
65 error fstream_path /usr/local/lib/node_modules/express
66 error fstream_type Directory
67 error fstream_class DirWriter
68 error code EACCES
69 error errno 3
70 error stack Error: EACCES, mkdir '/usr/local/lib/node_modules/express'
71 error fstream_stack /usr/local/lib/node_modules/npm/node_modules/fstream/lib/dir-writer.js:36:23
71 error fstream_stack /usr/local/lib/node_modules/npm/node_modules/mkdirp/index.js:46:53
71 error fstream_stack Object.oncomplete (fs.js:107:15)
72 verbose exit [ 3, true ]
